  [4;36;1mSQL (0.0ms)[0m   [0;1mSET client_min_messages TO 'panic'[0m
  [4;35;1mSQL (1.0ms)[0m   [0mSET standard_conforming_strings = on[0m
  [4;36;1mSQL (0.0ms)[0m   [0;1mSET client_min_messages TO 'notice'[0m


Processing ApplicationController#index (for 127.0.0.1 at 2011-01-12 09:02:17) [GET]

NoMethodError (undefined method `active_scaffold' for ProductsController:Class):
  app/controllers/products_controller.rb:2
  C:/Ruby187/lib/ruby/1.8/webrick/httpserver.rb:104:in `service'
  C:/Ruby187/lib/ruby/1.8/webrick/httpserver.rb:65:in `run'
  C:/Ruby187/lib/ruby/1.8/webrick/server.rb:173:in `start_thread'
  C:/Ruby187/lib/ruby/1.8/webrick/server.rb:162:in `start'
  C:/Ruby187/lib/ruby/1.8/webrick/server.rb:162:in `start_thread'
  C:/Ruby187/lib/ruby/1.8/webrick/server.rb:95:in `start'
  C:/Ruby187/lib/ruby/1.8/webrick/server.rb:92:in `each'
  C:/Ruby187/lib/ruby/1.8/webrick/server.rb:92:in `start'
  C:/Ruby187/lib/ruby/1.8/webrick/server.rb:23:in `start'
  C:/Ruby187/lib/ruby/1.8/webrick/server.rb:82:in `start'

Rendered rescues/_trace (36.0ms)
Rendered rescues/_request_and_response (2.0ms)
Rendering rescues/layout (internal_server_error)
  [4;35;1mSQL (0.0ms)[0m   [0mSET client_min_messages TO 'panic'[0m
  [4;36;1mSQL (1.0ms)[0m   [0;1mSET standard_conforming_strings = on[0m
  [4;35;1mSQL (0.0ms)[0m   [0mSET client_min_messages TO 'notice'[0m


Processing ApplicationController#index (for 127.0.0.1 at 2011-01-12 09:06:07) [GET]

NoMethodError (undefined method `active_scaffold' for ProductsController:Class):
  app/controllers/products_controller.rb:2
  C:/Ruby187/lib/ruby/1.8/webrick/httpserver.rb:104:in `service'
  C:/Ruby187/lib/ruby/1.8/webrick/httpserver.rb:65:in `run'
  C:/Ruby187/lib/ruby/1.8/webrick/server.rb:173:in `start_thread'
  C:/Ruby187/lib/ruby/1.8/webrick/server.rb:162:in `start'
  C:/Ruby187/lib/ruby/1.8/webrick/server.rb:162:in `start_thread'
  C:/Ruby187/lib/ruby/1.8/webrick/server.rb:95:in `start'
  C:/Ruby187/lib/ruby/1.8/webrick/server.rb:92:in `each'
  C:/Ruby187/lib/ruby/1.8/webrick/server.rb:92:in `start'
  C:/Ruby187/lib/ruby/1.8/webrick/server.rb:23:in `start'
  C:/Ruby187/lib/ruby/1.8/webrick/server.rb:82:in `start'

Rendered rescues/_trace (34.0ms)
Rendered rescues/_request_and_response (0.0ms)
Rendering rescues/layout (internal_server_error)
  [4;36;1mSQL (0.0ms)[0m   [0;1mSET client_min_messages TO 'panic'[0m
  [4;35;1mSQL (0.0ms)[0m   [0mSET standard_conforming_strings = on[0m
  [4;36;1mSQL (0.0ms)[0m   [0;1mSET client_min_messages TO 'notice'[0m


Processing ApplicationController#index (for 127.0.0.1 at 2011-01-12 09:06:28) [GET]

NoMethodError (undefined method `active_scaffold' for ProductsController:Class):
  app/controllers/products_controller.rb:2
  C:/Ruby187/lib/ruby/1.8/webrick/httpserver.rb:104:in `service'
  C:/Ruby187/lib/ruby/1.8/webrick/httpserver.rb:65:in `run'
  C:/Ruby187/lib/ruby/1.8/webrick/server.rb:173:in `start_thread'
  C:/Ruby187/lib/ruby/1.8/webrick/server.rb:162:in `start'
  C:/Ruby187/lib/ruby/1.8/webrick/server.rb:162:in `start_thread'
  C:/Ruby187/lib/ruby/1.8/webrick/server.rb:95:in `start'
  C:/Ruby187/lib/ruby/1.8/webrick/server.rb:92:in `each'
  C:/Ruby187/lib/ruby/1.8/webrick/server.rb:92:in `start'
  C:/Ruby187/lib/ruby/1.8/webrick/server.rb:23:in `start'
  C:/Ruby187/lib/ruby/1.8/webrick/server.rb:82:in `start'

Rendered rescues/_trace (36.0ms)
Rendered rescues/_request_and_response (2.0ms)
Rendering rescues/layout (internal_server_error)
  [4;35;1mSQL (0.0ms)[0m   [0mSET client_min_messages TO 'panic'[0m
  [4;36;1mSQL (0.0ms)[0m   [0;1mSET standard_conforming_strings = on[0m
  [4;35;1mSQL (0.0ms)[0m   [0mSET client_min_messages TO 'notice'[0m


Processing ApplicationController#index (for 127.0.0.1 at 2011-01-12 09:06:31) [GET]

NoMethodError (undefined method `active_scaffold' for ProductsController:Class):
  app/controllers/products_controller.rb:2
  C:/Ruby187/lib/ruby/1.8/webrick/httpserver.rb:104:in `service'
  C:/Ruby187/lib/ruby/1.8/webrick/httpserver.rb:65:in `run'
  C:/Ruby187/lib/ruby/1.8/webrick/server.rb:173:in `start_thread'
  C:/Ruby187/lib/ruby/1.8/webrick/server.rb:162:in `start'
  C:/Ruby187/lib/ruby/1.8/webrick/server.rb:162:in `start_thread'
  C:/Ruby187/lib/ruby/1.8/webrick/server.rb:95:in `start'
  C:/Ruby187/lib/ruby/1.8/webrick/server.rb:92:in `each'
  C:/Ruby187/lib/ruby/1.8/webrick/server.rb:92:in `start'
  C:/Ruby187/lib/ruby/1.8/webrick/server.rb:23:in `start'
  C:/Ruby187/lib/ruby/1.8/webrick/server.rb:82:in `start'

Rendered rescues/_trace (34.0ms)
Rendered rescues/_request_and_response (1.0ms)
Rendering rescues/layout (internal_server_error)
  [4;36;1mSQL (0.0ms)[0m   [0;1mSET client_min_messages TO 'panic'[0m
  [4;35;1mSQL (0.0ms)[0m   [0mSET standard_conforming_strings = on[0m
  [4;36;1mSQL (0.0ms)[0m   [0;1mSET client_min_messages TO 'notice'[0m


Processing ApplicationController#index (for 127.0.0.1 at 2011-01-12 09:10:19) [GET]

NoMethodError (undefined method `active_scaffold' for ProductsController:Class):
  app/controllers/products_controller.rb:2
  C:/Ruby187/lib/ruby/1.8/webrick/httpserver.rb:104:in `service'
  C:/Ruby187/lib/ruby/1.8/webrick/httpserver.rb:65:in `run'
  C:/Ruby187/lib/ruby/1.8/webrick/server.rb:173:in `start_thread'
  C:/Ruby187/lib/ruby/1.8/webrick/server.rb:162:in `start'
  C:/Ruby187/lib/ruby/1.8/webrick/server.rb:162:in `start_thread'
  C:/Ruby187/lib/ruby/1.8/webrick/server.rb:95:in `start'
  C:/Ruby187/lib/ruby/1.8/webrick/server.rb:92:in `each'
  C:/Ruby187/lib/ruby/1.8/webrick/server.rb:92:in `start'
  C:/Ruby187/lib/ruby/1.8/webrick/server.rb:23:in `start'
  C:/Ruby187/lib/ruby/1.8/webrick/server.rb:82:in `start'

Rendered rescues/_trace (35.0ms)
Rendered rescues/_request_and_response (0.0ms)
Rendering rescues/layout (internal_server_error)
  [4;36;1mSQL (1.0ms)[0m   [0;1mSET client_min_messages TO 'panic'[0m
  [4;35;1mSQL (0.0ms)[0m   [0mSET standard_conforming_strings = on[0m
  [4;36;1mSQL (0.0ms)[0m   [0;1mSET client_min_messages TO 'notice'[0m


Processing ApplicationController#index (for 127.0.0.1 at 2011-01-12 09:10:45) [GET]

NoMethodError (undefined method `active_scaffold' for ProductsController:Class):
  app/controllers/products_controller.rb:2
  C:/Ruby187/lib/ruby/1.8/webrick/httpserver.rb:104:in `service'
  C:/Ruby187/lib/ruby/1.8/webrick/httpserver.rb:65:in `run'
  C:/Ruby187/lib/ruby/1.8/webrick/server.rb:173:in `start_thread'
  C:/Ruby187/lib/ruby/1.8/webrick/server.rb:162:in `start'
  C:/Ruby187/lib/ruby/1.8/webrick/server.rb:162:in `start_thread'
  C:/Ruby187/lib/ruby/1.8/webrick/server.rb:95:in `start'
  C:/Ruby187/lib/ruby/1.8/webrick/server.rb:92:in `each'
  C:/Ruby187/lib/ruby/1.8/webrick/server.rb:92:in `start'
  C:/Ruby187/lib/ruby/1.8/webrick/server.rb:23:in `start'
  C:/Ruby187/lib/ruby/1.8/webrick/server.rb:82:in `start'

Rendered rescues/_trace (40.0ms)
Rendered rescues/_request_and_response (2.0ms)
Rendering rescues/layout (internal_server_error)
  [4;36;1mSQL (0.0ms)[0m   [0;1mSET client_min_messages TO 'panic'[0m
  [4;35;1mSQL (0.0ms)[0m   [0mSET standard_conforming_strings = on[0m
  [4;36;1mSQL (0.0ms)[0m   [0;1mSET client_min_messages TO 'notice'[0m


Processing ApplicationController#index (for 127.0.0.1 at 2011-01-12 09:14:38) [GET]

NoMethodError (undefined method `active_scaffold' for ProductsController:Class):
  app/controllers/products_controller.rb:2
  C:/Ruby187/lib/ruby/1.8/webrick/httpserver.rb:104:in `service'
  C:/Ruby187/lib/ruby/1.8/webrick/httpserver.rb:65:in `run'
  C:/Ruby187/lib/ruby/1.8/webrick/server.rb:173:in `start_thread'
  C:/Ruby187/lib/ruby/1.8/webrick/server.rb:162:in `start'
  C:/Ruby187/lib/ruby/1.8/webrick/server.rb:162:in `start_thread'
  C:/Ruby187/lib/ruby/1.8/webrick/server.rb:95:in `start'
  C:/Ruby187/lib/ruby/1.8/webrick/server.rb:92:in `each'
  C:/Ruby187/lib/ruby/1.8/webrick/server.rb:92:in `start'
  C:/Ruby187/lib/ruby/1.8/webrick/server.rb:23:in `start'
  C:/Ruby187/lib/ruby/1.8/webrick/server.rb:82:in `start'

Rendered rescues/_trace (38.0ms)
Rendered rescues/_request_and_response (2.0ms)
Rendering rescues/layout (internal_server_error)
  [4;35;1mSQL (0.0ms)[0m   [0mSET client_min_messages TO 'panic'[0m
  [4;36;1mSQL (0.0ms)[0m   [0;1mSET standard_conforming_strings = on[0m
  [4;35;1mSQL (1.0ms)[0m   [0mSET client_min_messages TO 'notice'[0m


Processing ApplicationController#index (for 127.0.0.1 at 2011-01-12 09:14:41) [GET]

NoMethodError (undefined method `active_scaffold' for ProductsController:Class):
  app/controllers/products_controller.rb:2
  C:/Ruby187/lib/ruby/1.8/webrick/httpserver.rb:104:in `service'
  C:/Ruby187/lib/ruby/1.8/webrick/httpserver.rb:65:in `run'
  C:/Ruby187/lib/ruby/1.8/webrick/server.rb:173:in `start_thread'
  C:/Ruby187/lib/ruby/1.8/webrick/server.rb:162:in `start'
  C:/Ruby187/lib/ruby/1.8/webrick/server.rb:162:in `start_thread'
  C:/Ruby187/lib/ruby/1.8/webrick/server.rb:95:in `start'
  C:/Ruby187/lib/ruby/1.8/webrick/server.rb:92:in `each'
  C:/Ruby187/lib/ruby/1.8/webrick/server.rb:92:in `start'
  C:/Ruby187/lib/ruby/1.8/webrick/server.rb:23:in `start'
  C:/Ruby187/lib/ruby/1.8/webrick/server.rb:82:in `start'

Rendered rescues/_trace (33.0ms)
Rendered rescues/_request_and_response (0.0ms)
Rendering rescues/layout (internal_server_error)
  [4;36;1mSQL (1.0ms)[0m   [0;1mSET client_min_messages TO 'panic'[0m
  [4;35;1mSQL (0.0ms)[0m   [0mSET standard_conforming_strings = on[0m
  [4;36;1mSQL (1.0ms)[0m   [0;1mSET client_min_messages TO 'notice'[0m
  [4;36;1mSQL (1.0ms)[0m   [0;1mSET client_min_messages TO 'panic'[0m
  [4;35;1mSQL (0.0ms)[0m   [0mSET standard_conforming_strings = on[0m
  [4;36;1mSQL (0.0ms)[0m   [0;1mSET client_min_messages TO 'notice'[0m
  [4;36;1mSQL (0.0ms)[0m   [0;1mSET client_min_messages TO 'panic'[0m
  [4;35;1mSQL (0.0ms)[0m   [0mSET standard_conforming_strings = on[0m
  [4;36;1mSQL (0.0ms)[0m   [0;1mSET client_min_messages TO 'notice'[0m
  [4;35;1mSQL (183.0ms)[0m   [0mCREATE TABLE "schema_migrations" ("version" character varying(255) NOT NULL) [0m
  [4;36;1mSQL (8.0ms)[0m   [0;1mCREATE UNIQUE INDEX "unique_schema_migrations" ON "schema_migrations" ("version")[0m
  [4;35;1mSQL (2.0ms)[0m   [0mSELECT version FROM schema_migrations[0m
Migrating to CreateProducts (20110112125623)
  [4;36;1mSQL (0.0ms)[0m   [0;1mBEGIN[0m
  [4;35;1mSQL (22.0ms)[0m   [0mCREATE TABLE "products" ("id" serial primary key, "name" character varying(255), "created_at" timestamp, "updated_at" timestamp) [0m
  [4;36;1mSQL (1.0ms)[0m   [0;1mINSERT INTO schema_migrations (version) VALUES ('20110112125623')[0m
  [4;35;1mSQL (3.0ms)[0m   [0mCOMMIT[0m
  [4;36;1mSQL (2.0ms)[0m   [0;1mSELECT version FROM schema_migrations[0m
  [4;36;1mSQL (0.0ms)[0m   [0;1mSET client_min_messages TO 'panic'[0m
  [4;35;1mSQL (0.0ms)[0m   [0mSET standard_conforming_strings = on[0m
  [4;36;1mSQL (1.0ms)[0m   [0;1mSET client_min_messages TO 'notice'[0m


Processing ApplicationController#index (for 127.0.0.1 at 2011-01-12 17:29:15) [GET]

NoMethodError (undefined method `active_scaffold' for ProductsController:Class):
  app/controllers/products_controller.rb:3
  C:/Ruby187/lib/ruby/1.8/webrick/httpserver.rb:104:in `service'
  C:/Ruby187/lib/ruby/1.8/webrick/httpserver.rb:65:in `run'
  C:/Ruby187/lib/ruby/1.8/webrick/server.rb:173:in `start_thread'
  C:/Ruby187/lib/ruby/1.8/webrick/server.rb:162:in `start'
  C:/Ruby187/lib/ruby/1.8/webrick/server.rb:162:in `start_thread'
  C:/Ruby187/lib/ruby/1.8/webrick/server.rb:95:in `start'
  C:/Ruby187/lib/ruby/1.8/webrick/server.rb:92:in `each'
  C:/Ruby187/lib/ruby/1.8/webrick/server.rb:92:in `start'
  C:/Ruby187/lib/ruby/1.8/webrick/server.rb:23:in `start'
  C:/Ruby187/lib/ruby/1.8/webrick/server.rb:82:in `start'

Rendered rescues/_trace (36.0ms)
Rendered rescues/_request_and_response (2.0ms)
Rendering rescues/layout (internal_server_error)
  [4;35;1mSQL (0.0ms)[0m   [0mSET client_min_messages TO 'panic'[0m
  [4;36;1mSQL (0.0ms)[0m   [0;1mSET standard_conforming_strings = on[0m
  [4;35;1mSQL (0.0ms)[0m   [0mSET client_min_messages TO 'notice'[0m


Processing ApplicationController#index (for 127.0.0.1 at 2011-01-12 17:57:58) [GET]

NoMethodError (undefined method `active_scaffold' for ProductsController:Class):
  app/controllers/products_controller.rb:3
  C:/Ruby187/lib/ruby/1.8/webrick/httpserver.rb:104:in `service'
  C:/Ruby187/lib/ruby/1.8/webrick/httpserver.rb:65:in `run'
  C:/Ruby187/lib/ruby/1.8/webrick/server.rb:173:in `start_thread'
  C:/Ruby187/lib/ruby/1.8/webrick/server.rb:162:in `start'
  C:/Ruby187/lib/ruby/1.8/webrick/server.rb:162:in `start_thread'
  C:/Ruby187/lib/ruby/1.8/webrick/server.rb:95:in `start'
  C:/Ruby187/lib/ruby/1.8/webrick/server.rb:92:in `each'
  C:/Ruby187/lib/ruby/1.8/webrick/server.rb:92:in `start'
  C:/Ruby187/lib/ruby/1.8/webrick/server.rb:23:in `start'
  C:/Ruby187/lib/ruby/1.8/webrick/server.rb:82:in `start'

Rendered rescues/_trace (34.0ms)
Rendered rescues/_request_and_response (0.0ms)
Rendering rescues/layout (internal_server_error)
ActiveScaffold: extending RESTful routes for products
  [4;36;1mSQL (0.0ms)[0m   [0;1mSET client_min_messages TO 'panic'[0m
  [4;35;1mSQL (1.0ms)[0m   [0mSET standard_conforming_strings = on[0m
  [4;36;1mSQL (0.0ms)[0m   [0;1mSET client_min_messages TO 'notice'[0m


Processing ProductsController#index (for 127.0.0.1 at 2011-01-12 17:58:16) [GET]
  [4;35;1mSQL (2.0ms)[0m   [0mSELECT count(*) AS count_all FROM "products" [0m
  [4;36;1mProduct Load (0.0ms)[0m   [0;1mSELECT "products".* FROM "products" ORDER BY "products"."id" ASC LIMIT 15 OFFSET 0[0m
  [4;35;1mCACHE (0.0ms)[0m   [0mSELECT "products".* FROM "products" ORDER BY "products"."id" ASC LIMIT 15 OFFSET 0[0m
Rendering template within layouts/products
Rendering list
Rendered _list_header (5.0ms)
Rendered _list_column_headings (5.0ms)
Rendered _messages (2.0ms)
Rendered _list_messages (11.0ms)
Rendered _list_pagination (1.0ms)
Rendered _list (33.0ms)
Completed in 6558ms (View: 139, DB: 3) | 200 OK [http://localhost/products]
ActiveScaffold: extending RESTful routes for products
  [4;36;1mSQL (0.0ms)[0m   [0;1mSET client_min_messages TO 'panic'[0m
  [4;35;1mSQL (1.0ms)[0m   [0mSET standard_conforming_strings = on[0m
  [4;36;1mSQL (0.0ms)[0m   [0;1mSET client_min_messages TO 'notice'[0m
  [4;35;1mSQL (3.0ms)[0m   [0mSELECT version FROM schema_migrations[0m
  [4;36;1mSQL (1.0ms)[0m   [0;1mSELECT version FROM schema_migrations[0m
  [4;35;1mSQL (0.0ms)[0m   [0mSELECT version FROM schema_migrations[0m
Migrating to CreateProducts (20110112125623)
  [4;36;1mSQL (0.0ms)[0m   [0;1mBEGIN[0m
  [4;35;1mSQL (7.0ms)[0m   [0mDROP TABLE "products"[0m
  [4;36;1mSQL (2.0ms)[0m   [0;1mDELETE FROM schema_migrations WHERE version = '20110112125623'[0m
  [4;35;1mSQL (110.0ms)[0m   [0mCOMMIT[0m
  [4;36;1mSQL (1.0ms)[0m   [0;1mSELECT version FROM schema_migrations[0m
